<?xml version="1.0" encoding="UTF-8"?>
<!-- Generated by org.testng.reporters.JUnitXMLReporter -->
<testsuite ignored="4" hostname="Somashekars-iMac.local" failures="3" tests="5" name="Surefire test" time="11.625" errors="0" timestamp="18 Jun 2023 13:17:57 GMT">
  <testcase classname="nucot.newnucotapp.base.AdminPageTest" name="@BeforeClass adminPageSetUP" time="0.001">
    <failure type="java.lang.NullPointerException" message="Cannot invoke &amp;quot;nucot.newnucotapp.pages.LoginPage.loginApp(String, String)&amp;quot; because &amp;quot;this.ologinPage&amp;quot; is null">
      <![CDATA[java.lang.NullPointerException: Cannot invoke "nucot.newnucotapp.pages.LoginPage.loginApp(String, String)" because "this.ologinPage" is null
at nucot.newnucotapp.base.AdminPageTest.adminPageSetUP(AdminPageTest.java:12)
... Removed 31 stack frames]]>
    </failure>
  </testcase> <!-- @BeforeClass adminPageSetUP -->
  <testcase classname="nucot.newnucotapp.base.AdminPageTest" name="adminPageUrlTest" time="0.0">
    <skipped/>
  </testcase> <!-- adminPageUrlTest -->
  <testcase classname="nucot.newnucotapp.base.AdminPageTest" name="adminPagetitleTest" time="0.0">
    <skipped/>
  </testcase> <!-- adminPagetitleTest -->
  <testcase classname="nucot.newnucotapp.base.LoginPageTest" name="getUrl" time="0.001">
    <failure type="java.lang.NullPointerException" message="Cannot invoke &amp;quot;nucot.newnucotapp.pages.LoginPage.getCurrentUrlPage()&amp;quot; because &amp;quot;this.ologinPage&amp;quot; is null">
      <![CDATA[java.lang.NullPointerException: Cannot invoke "nucot.newnucotapp.pages.LoginPage.getCurrentUrlPage()" because "this.ologinPage" is null
at nucot.newnucotapp.base.LoginPageTest.getUrl(LoginPageTest.java:18)
... Removed 30 stack frames]]>
    </failure>
  </testcase> <!-- getUrl -->
  <testcase classname="nucot.newnucotapp.base.LoginPageTest" name="loginPageTitleTest" time="0.001">
    <failure type="java.lang.NullPointerException" message="Cannot invoke &amp;quot;nucot.newnucotapp.pages.LoginPage.getLoginPageTitle()&amp;quot; because &amp;quot;this.ologinPage&amp;quot; is null">
      <![CDATA[java.lang.NullPointerException: Cannot invoke "nucot.newnucotapp.pages.LoginPage.getLoginPageTitle()" because "this.ologinPage" is null
at nucot.newnucotapp.base.LoginPageTest.loginPageTitleTest(LoginPageTest.java:10)
... Removed 30 stack frames]]>
    </failure>
  </testcase> <!-- loginPageTitleTest -->
  <testcase classname="nucot.newnucotapp.base.LoginPageTest" name="loginTest" time="0.0">
    <failure type="java.lang.NullPointerException" message="Cannot invoke &amp;quot;nucot.newnucotapp.pages.LoginPage.loginApp(String, String)&amp;quot; because &amp;quot;this.ologinPage&amp;quot; is null">
      <![CDATA[java.lang.NullPointerException: Cannot invoke "nucot.newnucotapp.pages.LoginPage.loginApp(String, String)" because "this.ologinPage" is null
at nucot.newnucotapp.base.LoginPageTest.loginTest(LoginPageTest.java:28)
... Removed 30 stack frames]]>
    </failure>
  </testcase> <!-- loginTest -->
  <testcase classname="nucot.newnucotapp.base.BaseTest" name="@AfterTest closeApp" time="0.0">
    <ignored/>
  </testcase> <!-- @AfterTest closeApp -->
  <testcase classname="nucot.newnucotapp.base.BaseTest" name="@AfterTest closeApp" time="0.0">
    <ignored/>
  </testcase> <!-- @AfterTest closeApp -->
  <testcase classname="nucot.newnucotapp.base.BaseTest" name="@BeforeTest setUpApp" time="0.0">
    <ignored/>
  </testcase> <!-- @BeforeTest setUpApp -->
  <testcase classname="nucot.newnucotapp.base.BaseTest" name="@BeforeTest setUpApp" time="0.0">
    <ignored/>
  </testcase> <!-- @BeforeTest setUpApp -->
</testsuite> <!-- Surefire test -->
