<?xml version="1.0" encoding="UTF-8"?>
<!-- Generated by org.testng.reporters.JUnitXMLReporter -->
<testsuite ignored="0" hostname="Somashekars-iMac.local" failures="0" tests="3" name="HRM Application Nucot" time="0.373" errors="0" timestamp="20 Jun 2023 07:00:28 GMT">
  <testcase classname="nucot.newnucotapp.base.BaseTest" name="@BeforeTest setUpApp" time="0.018">
    <failure type="java.lang.NullPointerException" message="Cannot invoke &amp;quot;nucot.newnucotapp.setup.InitSetUp.initProp()&amp;quot; because &amp;quot;this.is&amp;quot; is null">
      <![CDATA[java.lang.NullPointerException: Cannot invoke "nucot.newnucotapp.setup.InitSetUp.initProp()" because "this.is" is null
at nucot.newnucotapp.base.BaseTest.setUpApp(BaseTest.java:28)
at java.base/jdk.internal.reflect.NativeMethodAccessorImpl.invoke0(Native Method)
at java.base/jdk.internal.reflect.NativeMethodAccessorImpl.invoke(NativeMethodAccessorImpl.java:77)
at java.base/jdk.internal.reflect.DelegatingMethodAccessorImpl.invoke(DelegatingMethodAccessorImpl.java:43)
at java.base/java.lang.reflect.Method.invoke(Method.java:568)
at org.testng.internal.MethodInvocationHelper.invokeMethod(MethodInvocationHelper.java:124)
at org.testng.internal.MethodInvocationHelper.invokeMethodConsideringTimeout(MethodInvocationHelper.java:59)
at org.testng.internal.Invoker.invokeConfigurationMethod(Invoker.java:458)
at org.testng.internal.Invoker.invokeConfigurations(Invoker.java:222)
at org.testng.internal.Invoker.invokeConfigurations(Invoker.java:142)
at org.testng.TestRunner.beforeRun(TestRunner.java:529)
at org.testng.TestRunner.run(TestRunner.java:497)
at org.testng.SuiteRunner.runTest(SuiteRunner.java:455)
at org.testng.SuiteRunner.access$000(SuiteRunner.java:40)
at org.testng.SuiteRunner$SuiteWorker.run(SuiteRunner.java:489)
at org.testng.internal.thread.ThreadUtil$1.call(ThreadUtil.java:52)
at java.base/java.util.concurrent.FutureTask.run(FutureTask.java:264)
at java.base/java.util.concurrent.ThreadPoolExecutor.runWorker(ThreadPoolExecutor.java:1136)
at java.base/java.util.concurrent.ThreadPoolExecutor$Worker.run(ThreadPoolExecutor.java:635)
at java.base/java.lang.Thread.run(Thread.java:833)
]]>
    </failure>
  </testcase> <!-- @BeforeTest setUpApp -->
  <testcase classname="nucot.newnucotapp.base.BaseTest" name="@AfterTest closeApp" time="0.0">
    <skipped/>
  </testcase> <!-- @AfterTest closeApp -->
  <testcase classname="nucot.newnucotapp.base.LoginPageTest" name="getUrl" time="0.0">
    <skipped/>
  </testcase> <!-- getUrl -->
  <testcase classname="nucot.newnucotapp.base.LoginPageTest" name="loginPageTitleTest" time="0.0">
    <skipped/>
  </testcase> <!-- loginPageTitleTest -->
  <testcase classname="nucot.newnucotapp.base.LoginPageTest" name="loginTest" time="0.0">
    <skipped/>
  </testcase> <!-- loginTest -->
</testsuite> <!-- HRM Application Nucot -->
