<?xml version="1.0" encoding="UTF-8"?>
<testsuite xmlns:xsi="http://www.w3.org/2001/XMLSchema-instance" xsi:noNamespaceSchemaLocation="https://maven.apache.org/surefire/maven-surefire-plugin/xsd/surefire-test-report.xsd" name="TestSuite" time="12.22" tests="6" errors="0" skipped="2" failures="4">
  <properties>
[...]
</properties>
  <testcase name="adminPageSetUP" classname="nucot.newnucotapp.base.AdminPageTest" time="11.762">
    <failure message="Cannot invoke &quot;nucot.newnucotapp.pages.LoginPage.loginApp(String, String)&quot; because &quot;this.ologinPage&quot; is null" type="java.lang.NullPointerException">java.lang.NullPointerException: Cannot invoke "nucot.newnucotapp.pages.LoginPage.loginApp(String, String)" because "this.ologinPage" is null
	at nucot.newnucotapp.base.AdminPageTest.adminPageSetUP(AdminPageTest.java:12)
</failure>
    <system-out><![CDATA[Browser name is--->chrome
]]></system-out>
    <system-err><![CDATA[SLF4J: No SLF4J providers were found.
SLF4J: Defaulting to no-operation (NOP) logger implementation
SLF4J: See https://www.slf4j.org/codes.html#noProviders for further details.
Starting ChromeDriver 114.0.5735.90 (386bc09e8f4f2e025eddae123f36f6263096ae49-refs/branch-heads/5735@{#1052}) on port 44580
Only local connections are allowed.
Please see https://chromedriver.chromium.org/security-considerations for suggestions on keeping ChromeDriver safe.
ChromeDriver was started successfully.
Jun 18, 2023 6:47:54 PM org.openqa.selenium.devtools.CdpVersionFinder findNearestMatch
WARNING: Unable to find an exact match for CDP version 114, so returning the closest version found: 112
]]></system-err>
  </testcase>
  <testcase name="adminPageUrlTest" classname="nucot.newnucotapp.base.AdminPageTest" time="0">
    <skipped message="Cannot invoke &quot;nucot.newnucotapp.pages.LoginPage.loginApp(String, String)&quot; because &quot;this.ologinPage&quot; is null"/>
  </testcase>
  <testcase name="adminPagetitleTest" classname="nucot.newnucotapp.base.AdminPageTest" time="0">
    <skipped message="Cannot invoke &quot;nucot.newnucotapp.pages.LoginPage.loginApp(String, String)&quot; because &quot;this.ologinPage&quot; is null"/>
  </testcase>
  <testcase name="getUrl" classname="nucot.newnucotapp.base.LoginPageTest" time="0">
    <failure message="Cannot invoke &quot;nucot.newnucotapp.pages.LoginPage.getCurrentUrlPage()&quot; because &quot;this.ologinPage&quot; is null" type="java.lang.NullPointerException">java.lang.NullPointerException: Cannot invoke "nucot.newnucotapp.pages.LoginPage.getCurrentUrlPage()" because "this.ologinPage" is null
	at nucot.newnucotapp.base.LoginPageTest.getUrl(LoginPageTest.java:18)
</failure>
  </testcase>
  <testcase name="loginPageTitleTest" classname="nucot.newnucotapp.base.LoginPageTest" time="0">
    <failure message="Cannot invoke &quot;nucot.newnucotapp.pages.LoginPage.getLoginPageTitle()&quot; because &quot;this.ologinPage&quot; is null" type="java.lang.NullPointerException">java.lang.NullPointerException: Cannot invoke "nucot.newnucotapp.pages.LoginPage.getLoginPageTitle()" because "this.ologinPage" is null
	at nucot.newnucotapp.base.LoginPageTest.loginPageTitleTest(LoginPageTest.java:10)
</failure>
  </testcase>
  <testcase name="loginTest" classname="nucot.newnucotapp.base.LoginPageTest" time="0">
    <failure message="Cannot invoke &quot;nucot.newnucotapp.pages.LoginPage.loginApp(String, String)&quot; because &quot;this.ologinPage&quot; is null" type="java.lang.NullPointerException">java.lang.NullPointerException: Cannot invoke "nucot.newnucotapp.pages.LoginPage.loginApp(String, String)" because "this.ologinPage" is null
	at nucot.newnucotapp.base.LoginPageTest.loginTest(LoginPageTest.java:28)
</failure>
  </testcase>
</testsuite>