-------------------------------------------------------------------------------
Test set: TestSuite
-------------------------------------------------------------------------------
Tests run: 6, Failures: 4, Errors: 0, Skipped: 2, Time elapsed: 12.22 s <<< FAILURE! - in TestSuite
adminPageSetUP(nucot.newnucotapp.base.AdminPageTest)  Time elapsed: 11.762 s  <<< FAILURE!
java.lang.NullPointerException: Cannot invoke "nucot.newnucotapp.pages.LoginPage.loginApp(String, String)" because "this.ologinPage" is null
	at nucot.newnucotapp.base.AdminPageTest.adminPageSetUP(AdminPageTest.java:12)

getUrl(nucot.newnucotapp.base.LoginPageTest)  Time elapsed: 0 s  <<< FAILURE!
java.lang.NullPointerException: Cannot invoke "nucot.newnucotapp.pages.LoginPage.getCurrentUrlPage()" because "this.ologinPage" is null
	at nucot.newnucotapp.base.LoginPageTest.getUrl(LoginPageTest.java:18)

loginPageTitleTest(nucot.newnucotapp.base.LoginPageTest)  Time elapsed: 0 s  <<< FAILURE!
java.lang.NullPointerException: Cannot invoke "nucot.newnucotapp.pages.LoginPage.getLoginPageTitle()" because "this.ologinPage" is null
	at nucot.newnucotapp.base.LoginPageTest.loginPageTitleTest(LoginPageTest.java:10)

loginTest(nucot.newnucotapp.base.LoginPageTest)  Time elapsed: 0 s  <<< FAILURE!
java.lang.NullPointerException: Cannot invoke "nucot.newnucotapp.pages.LoginPage.loginApp(String, String)" because "this.ologinPage" is null
	at nucot.newnucotapp.base.LoginPageTest.loginTest(LoginPageTest.java:28)

