<?xml version="1.0" encoding="UTF-8"?>
<testng-results ignored="0" total="2" passed="2" failed="0" skipped="0">
  <reporter-output>
  </reporter-output>
  <suite started-at="2023-06-20T11:55:18Z" name="Default suite" finished-at="2023-06-20T11:55:45Z" duration-ms="26517">
    <groups>
    </groups>
    <test started-at="2023-06-20T11:55:18Z" name="Default test" finished-at="2023-06-20T11:55:45Z" duration-ms="26517">
      <class name="nucot.newnucotapp.base.AdminPageTest">
        <test-method is-config="true" signature="setUpApp()[pri:0, instance:nucot.newnucotapp.base.AdminPageTest@cb191ca]" started-at="2023-06-20T11:55:18Z" name="setUpApp" finished-at="2023-06-20T11:55:31Z" duration-ms="13043" status="PASS">
          <reporter-output>
          </reporter-output>
        </test-method> <!-- setUpApp -->
        <test-method is-config="true" signature="adminPageSetUP()[pri:0, instance:nucot.newnucotapp.base.AdminPageTest@cb191ca]" started-at="2023-06-20T11:55:31Z" name="adminPageSetUP" finished-at="2023-06-20T11:55:42Z" duration-ms="11193" status="PASS">
          <reporter-output>
          </reporter-output>
        </test-method> <!-- adminPageSetUP -->
        <test-method signature="adminPageUrlTest()[pri:0, instance:nucot.newnucotapp.base.AdminPageTest@cb191ca]" started-at="2023-06-20T11:55:42Z" name="adminPageUrlTest" finished-at="2023-06-20T11:55:44Z" duration-ms="2036" status="PASS">
          <reporter-output>
          </reporter-output>
        </test-method> <!-- adminPageUrlTest -->
        <test-method signature="adminPagetitleTest()[pri:0, instance:nucot.newnucotapp.base.AdminPageTest@cb191ca]" started-at="2023-06-20T11:55:44Z" name="adminPagetitleTest" finished-at="2023-06-20T11:55:45Z" duration-ms="11" status="PASS">
          <reporter-output>
          </reporter-output>
        </test-method> <!-- adminPagetitleTest -->
        <test-method is-config="true" signature="closeApp()[pri:0, instance:nucot.newnucotapp.base.AdminPageTest@cb191ca]" started-at="2023-06-20T11:55:45Z" name="closeApp" finished-at="2023-06-20T11:55:45Z" duration-ms="118" status="PASS">
          <reporter-output>
          </reporter-output>
        </test-method> <!-- closeApp -->
      </class> <!-- nucot.newnucotapp.base.AdminPageTest -->
    </test> <!-- Default test -->
  </suite> <!-- Default suite -->
</testng-results>
